Arguments: 
  /usr/local/Cellar/node/10.10.0/bin/node /usr/local/Cellar/yarn/1.9.4/libexec/bin/yarn.js install

PATH: 
  /Users/stuartkuredjian/.composer/vendor/bin:/usr/local/share/python:/usr/local/bin:/usr/bin:/bin:/usr/sbin:/sbin

Yarn version: 
  1.9.4

Node version: 
  10.10.0

Platform: 
  darwin x64

Trace: 
  Error: https://registry.npmjs.org/babel1-core: Not found
      at Request.params.callback [as _callback] (/usr/local/Cellar/yarn/1.9.4/libexec/lib/cli.js:64202:18)
      at Request.self.callback (/usr/local/Cellar/yarn/1.9.4/libexec/lib/cli.js:137468:22)
      at Request.emit (events.js:182:13)
      at Request.<anonymous> (/usr/local/Cellar/yarn/1.9.4/libexec/lib/cli.js:138440:10)
      at Request.emit (events.js:182:13)
      at IncomingMessage.<anonymous> (/usr/local/Cellar/yarn/1.9.4/libexec/lib/cli.js:138362:12)
      at Object.onceWrapper (events.js:273:13)
      at IncomingMessage.emit (events.js:187:15)
      at endReadableNT (_stream_readable.js:1092:12)
      at process._tickCallback (internal/process/next_tick.js:63:19)

npm manifest: 
  {
      "name": "Tic-Tac-Toe",
      "version": "1.0.0",
      "main": "src/index.js",
      "license": "MIT",
      "dependencies": {
          "html-webpack-plugin": "^2.30.1",
          "jquery": "^3.2.1",
          "prop-types": "^15.6.2",
          "react": "^15.6.1",
          "react-dom": "^15.6.1",
          "webpack": "^3.6.0"
      },
      "scripts": {
          "build": "webpack --config webpack.config.js",
          "start": "webpack-dev-server --host 0.0.0.0 --port 5002"
      },
      "devDependencies": {
          "babel1-core": "^6.26.0",
          "babel-loader": "^7.1.2",
          "babel-preset-es2015": "^6.24.1",
          "babel-preset-react": "^6.24.1",
          "webpack-dev-server": "^2.8.2"
      }
  }

yarn manifest: 
  No manifest

Lockfile: 
  No lockfile
